<?xml version="1.0" encoding="UTF-8"?>
<testng-results skipped="0" failed="0" ignored="0" total="1" passed="1">
  <reporter-output>
  </reporter-output>
  <suite name="Default suite" duration-ms="27727" started-at="2020-07-13T06:48:33Z" finished-at="2020-07-13T06:49:00Z">
    <groups>
    </groups>
    <test name="Default test" duration-ms="27727" started-at="2020-07-13T06:48:33Z" finished-at="2020-07-13T06:49:00Z">
      <class name="com.dyt.ors.smoke.Verify">
        <test-method status="PASS" signature="setupReport()[pri:0, instance:com.dyt.ors.smoke.Verify@3ffc5af1]" name="setupReport" is-config="true" duration-ms="410" started-at="2020-07-13T12:18:32Z" finished-at="2020-07-13T12:18:33Z">
          <reporter-output>
          </reporter-output>
        </test-method> <!-- setupReport -->
        <test-method status="PASS" signature="launchBrowser(java.lang.reflect.Method)[pri:0, instance:com.dyt.ors.smoke.Verify@3ffc5af1]" name="launchBrowser" is-config="true" duration-ms="11646" started-at="2020-07-13T12:18:33Z" finished-at="2020-07-13T12:18:44Z">
          <params>
            <param index="0">
              <value>
                <![CDATA[public static void com.dyt.ors.smoke.Verify.TC0019_Logout()]]>
              </value>
            </param>
          </params>
          <reporter-output>
          </reporter-output>
        </test-method> <!-- launchBrowser -->
        <test-method status="PASS" signature="TC0019_Logout()[pri:0, instance:com.dyt.ors.smoke.Verify@3ffc5af1]" name="TC0019_Logout" duration-ms="15835" started-at="2020-07-13T12:18:44Z" finished-at="2020-07-13T12:19:00Z">
          <reporter-output>
          </reporter-output>
        </test-method> <!-- TC0019_Logout -->
        <test-method status="PASS" signature="closeBrowser()[pri:0, instance:com.dyt.ors.smoke.Verify@3ffc5af1]" name="closeBrowser" is-config="true" duration-ms="192" started-at="2020-07-13T12:19:00Z" finished-at="2020-07-13T12:19:00Z">
          <reporter-output>
          </reporter-output>
        </test-method> <!-- closeBrowser -->
        <test-method status="PASS" signature="flushReportAndOpen()[pri:0, instance:com.dyt.ors.smoke.Verify@3ffc5af1]" name="flushReportAndOpen" is-config="true" duration-ms="12048" started-at="2020-07-13T12:19:00Z" finished-at="2020-07-13T12:19:13Z">
          <reporter-output>
          </reporter-output>
        </test-method> <!-- flushReportAndOpen -->
      </class> <!-- com.dyt.ors.smoke.Verify -->
    </test> <!-- Default test -->
  </suite> <!-- Default suite -->
</testng-results>
